c:\users\william\documents\github\new folder\realtime\lab_03_wb\build\vs2015\debug\vc140.pdb
c:\users\william\documents\github\new folder\realtime\lab_03_wb\build\vs2015\debug\vc140.idb
c:\users\william\documents\github\new folder\realtime\lab_03_wb\build\vs2015\debug\source.obj
c:\users\william\documents\github\new folder\realtime\lab_03_wb\build\vs2015\debug\main.obj
c:\users\william\documents\github\new folder\realtime\lab_03_wb\build\vs2015\debug\logmanager.obj
c:\users\william\documents\github\new folder\realtime\lab_03_wb\bin\debug\lab_03_wb.ilk
c:\users\william\documents\github\new folder\realtime\lab_03_wb\bin\debug\lab_03_wb.exe
c:\users\william\documents\github\new folder\realtime\lab_03_wb\bin\debug\lab_03_wb.pdb
c:\users\william\documents\github\new folder\realtime\lab_03_wb\build\vs2015\..\..\bin\debug\lab_03_wb.pdb
c:\users\william\documents\github\new folder\realtime\lab_03_wb\build\vs2015\debug\lab_03_wb.tlog\cl.command.1.tlog
c:\users\william\documents\github\new folder\realtime\lab_03_wb\build\vs2015\debug\lab_03_wb.tlog\cl.read.1.tlog
c:\users\william\documents\github\new folder\realtime\lab_03_wb\build\vs2015\debug\lab_03_wb.tlog\cl.write.1.tlog
c:\users\william\documents\github\new folder\realtime\lab_03_wb\build\vs2015\debug\lab_03_wb.tlog\link-cvtres.read.1.tlog
c:\users\william\documents\github\new folder\realtime\lab_03_wb\build\vs2015\debug\lab_03_wb.tlog\link-cvtres.write.1.tlog
c:\users\william\documents\github\new folder\realtime\lab_03_wb\build\vs2015\debug\lab_03_wb.tlog\link-rc.read.1.tlog
c:\users\william\documents\github\new folder\realtime\lab_03_wb\build\vs2015\debug\lab_03_wb.tlog\link-rc.write.1.tlog
c:\users\william\documents\github\new folder\realtime\lab_03_wb\build\vs2015\debug\lab_03_wb.tlog\link.17916-cvtres.read.1.tlog
c:\users\william\documents\github\new folder\realtime\lab_03_wb\build\vs2015\debug\lab_03_wb.tlog\link.17916-cvtres.write.1.tlog
c:\users\william\documents\github\new folder\realtime\lab_03_wb\build\vs2015\debug\lab_03_wb.tlog\link.17916-rc.read.1.tlog
c:\users\william\documents\github\new folder\realtime\lab_03_wb\build\vs2015\debug\lab_03_wb.tlog\link.17916-rc.write.1.tlog
c:\users\william\documents\github\new folder\realtime\lab_03_wb\build\vs2015\debug\lab_03_wb.tlog\link.17916.read.1.tlog
c:\users\william\documents\github\new folder\realtime\lab_03_wb\build\vs2015\debug\lab_03_wb.tlog\link.17916.write.1.tlog
c:\users\william\documents\github\new folder\realtime\lab_03_wb\build\vs2015\debug\lab_03_wb.tlog\link.command.1.tlog
c:\users\william\documents\github\new folder\realtime\lab_03_wb\build\vs2015\debug\lab_03_wb.tlog\link.read.1.tlog
c:\users\william\documents\github\new folder\realtime\lab_03_wb\build\vs2015\debug\lab_03_wb.tlog\link.write.1.tlog
