c:\users\william\documents\github\new folder\realtime\lab1_2\lab1wb\lab1wb\debug\lab1wb.pch
c:\users\william\documents\github\new folder\realtime\lab1_2\lab1wb\lab1wb\debug\vc140.pdb
c:\users\william\documents\github\new folder\realtime\lab1_2\lab1wb\lab1wb\debug\vc140.idb
c:\users\william\documents\github\new folder\realtime\lab1_2\lab1wb\lab1wb\debug\stdafx.obj
c:\users\william\documents\github\new folder\realtime\lab1_2\lab1wb\lab1wb\debug\logmanager.obj
c:\users\william\documents\github\new folder\realtime\lab1_2\lab1wb\debug\lab1wb.pdb
c:\users\william\documents\github\new folder\realtime\lab1_2\lab1wb\lab1wb\debug\lab1wb.tlog\cl.command.1.tlog
c:\users\william\documents\github\new folder\realtime\lab1_2\lab1wb\lab1wb\debug\lab1wb.tlog\cl.read.1.tlog
c:\users\william\documents\github\new folder\realtime\lab1_2\lab1wb\lab1wb\debug\lab1wb.tlog\cl.write.1.tlog
c:\users\william\documents\github\new folder\realtime\lab1_2\lab1wb\lab1wb\debug\lab1wb.tlog\link-cvtres.read.1.tlog
c:\users\william\documents\github\new folder\realtime\lab1_2\lab1wb\lab1wb\debug\lab1wb.tlog\link-cvtres.write.1.tlog
c:\users\william\documents\github\new folder\realtime\lab1_2\lab1wb\lab1wb\debug\lab1wb.tlog\link-rc.read.1.tlog
c:\users\william\documents\github\new folder\realtime\lab1_2\lab1wb\lab1wb\debug\lab1wb.tlog\link-rc.write.1.tlog
c:\users\william\documents\github\new folder\realtime\lab1_2\lab1wb\lab1wb\debug\lab1wb.tlog\link.16032-cvtres.read.1.tlog
c:\users\william\documents\github\new folder\realtime\lab1_2\lab1wb\lab1wb\debug\lab1wb.tlog\link.16032-cvtres.write.1.tlog
c:\users\william\documents\github\new folder\realtime\lab1_2\lab1wb\lab1wb\debug\lab1wb.tlog\link.16032-rc.read.1.tlog
c:\users\william\documents\github\new folder\realtime\lab1_2\lab1wb\lab1wb\debug\lab1wb.tlog\link.16032-rc.write.1.tlog
c:\users\william\documents\github\new folder\realtime\lab1_2\lab1wb\lab1wb\debug\lab1wb.tlog\link.16032.read.1.tlog
c:\users\william\documents\github\new folder\realtime\lab1_2\lab1wb\lab1wb\debug\lab1wb.tlog\link.16032.write.1.tlog
c:\users\william\documents\github\new folder\realtime\lab1_2\lab1wb\lab1wb\debug\lab1wb.tlog\link.command.1.tlog
c:\users\william\documents\github\new folder\realtime\lab1_2\lab1wb\lab1wb\debug\lab1wb.tlog\link.read.1.tlog
c:\users\william\documents\github\new folder\realtime\lab1_2\lab1wb\lab1wb\debug\lab1wb.tlog\link.write.1.tlog
